<html>
<head>
<title>TestNG:  Test</title>
<link href="../testng.css" rel="stylesheet" type="text/css" />
<link href="../my-testng.css" rel="stylesheet" type="text/css" />

<style type="text/css">
.log { display: none;} 
.stack-trace { display: none;} 
</style>
<script type="text/javascript">
<!--
function flip(e) {
  current = e.style.display;
  if (current == 'block') {
    e.style.display = 'none';
    return 0;
  }
  else {
    e.style.display = 'block';
    return 1;
  }
}

function toggleBox(szDivId, elem, msg1, msg2)
{
  var res = -1;  if (document.getElementById) {
    res = flip(document.getElementById(szDivId));
  }
  else if (document.all) {
    // this is the way old msie versions work
    res = flip(document.all[szDivId]);
  }
  if(elem) {
    if(res == 0) elem.innerHTML = msg1; else elem.innerHTML = msg2;
  }

}

function toggleAllBoxes() {
  if (document.getElementsByTagName) {
    d = document.getElementsByTagName('div');
    for (i = 0; i < d.length; i++) {
      if (d[i].className == 'log') {
        flip(d[i]);
      }
    }
  }
}

// -->
</script>

</head>
<body>
<h2 align='center'>Test</h2><table border='1' align="center">
<tr>
<td>Tests passed/Failed/Skipped:</td><td>8/2/0</td>
</tr><tr>
<td>Started on:</td><td>Wed Apr 09 00:09:10 IST 2025</td>
</tr>
<tr><td>Total time:</td><td>310 seconds (310024 ms)</td>
</tr><tr>
<td>Included groups:</td><td></td>
</tr><tr>
<td>Excluded groups:</td><td></td>
</tr>
</table><p/>
<small><i>(Hover the method name to see the test class name)</i></small><p/>
<table width='100%' border='1' class='invocation-failed'>
<tr><td colspan='4' align='center'><b>FAILED TESTS</b></td></tr>
<tr><td><b>Test method</b></td>
<td><b>Attribute(s)</b></td>
<td width="30%"><b>Exception</b></td>
<td width="10%"><b>Time (seconds)</b></td>
<td><b>Instance</b></td>
</tr>
<tr>
<td title='com.magicbricks.runner.TestRunner.runScenario()'><b>runScenario</b><br>Test class: com.magicbricks.runner.TestRunner<br>Test method: Runs Cucumber Scenarios<br>Parameters: "Search properties within a specified budget range", "Property Search and Filter"</td>
<td><div><pre>org.openqa.selenium.StaleElementReferenceException: stale element reference: stale element not found in the current frame
  (Session info: chrome=135.0.7049.43)
For documentation on this error, please visit: https://www.selenium.dev/documentation/webdriver/troubleshooting/errors#stale-element-reference-exception
Build info: version: &apos;4.29.0&apos;, revision: &apos;5fc1ec94cb&apos;
System info: os.name: &apos;Windows 11&apos;, os.arch: &apos;amd64&apos;, os.version: &apos;10.0&apos;, java.version: &apos;21.0.6&apos;
Driver info: org.openqa.selenium.chrome.ChromeDriver
Command: [406779b1d4aefceea443b26b3a75dfd6, getElementText {id=f.F02D6E3691CEDF251BA5BDEF60F0B155.d.3A01813A853948824B439BD6EF6D7529.e.179}]
Capabilities {acceptInsecureCerts: false, browserName: chrome, browserVersion: 135.0.7049.43, chrome: {chromedriverVersion: 135.0.7049.84 (6c019e560019..., userDataDir: C:\Windows\SystemTemp\scope...}, fedcm:accounts: true, goog:chromeOptions: {debuggerAddress: localhost:54919}, networkConnectionEnabled: false, pageLoadStrategy: normal, platformName: windows, proxy: Proxy(), se:cdp: ws://localhost:54919/devtoo..., se:cdpVersion: 135.0.7049.43, setWindowRect: true, strictFileInteractability: false, timeouts: {implicit: 0, pageLoad: 300000, script: 30000}, unhandledPromptBehavior: dismiss and notify, webauthn:extension:credBlob: true, webauthn:extension:largeBlob: true, webauthn:extension:minPinLength: true, webauthn:extension:prf: true, webauthn:virtualAuthenticators: true}
Element: [[ChromeDriver: chrome on windows (406779b1d4aefceea443b26b3a75dfd6)] -&gt; class name: mb-srp__card__price--amount]
Session ID: 406779b1d4aefceea443b26b3a75dfd6
	at org.openqa.selenium.remote.ErrorCodec.decode(ErrorCodec.java:167)
	at org.openqa.selenium.remote.codec.w3c.W3CHttpResponseCodec.decode(W3CHttpResponseCodec.java:138)
	at org.openqa.selenium.remote.codec.w3c.W3CHttpResponseCodec.decode(W3CHttpResponseCodec.java:50)
	at org.openqa.selenium.remote.HttpCommandExecutor.execute(HttpCommandExecutor.java:215)
	at org.openqa.selenium.remote.service.DriverCommandExecutor.invokeExecute(DriverCommandExecutor.java:216)
	at org.openqa.selenium.remote.service.DriverCommandExecutor.execute(DriverCommandExecutor.java:174)
	at org.openqa.selenium.remote.RemoteWebDriver.execute(RemoteWebDriver.java:545)
	at org.openqa.selenium.remote.RemoteWebElement.execute(RemoteWebElement.java:223)
	at org.openqa.selenium.remote.RemoteWebElement.getText(RemoteWebElement.java:191)
	at com.magicbricks.pages.PropertyForSale.checkRange(PropertyForSale.java:66)
	at com.magicbricks.stepDefinition.MagicBricksBuyComponent.the_system_should_display_properties_with_prices_between_the_range_entered(MagicBricksBuyComponent.java:240)
	at ✽.the system should display properties with prices between the range entered(file:///C:/CG_Training/new%20workspace/MagicBricksProject/src/test/resources/Features/Buy_search_and_filter.feature:45)
... Removed 3 stack frames</pre></div><a href='#' onClick='toggleBox("stack-trace479162791", this, "Click to show all stack frames", "Click to hide stack frames")'>Click to show all stack frames</a>
<div class='stack-trace' id='stack-trace479162791'><pre>org.openqa.selenium.StaleElementReferenceException: stale element reference: stale element not found in the current frame
  (Session info: chrome=135.0.7049.43)
For documentation on this error, please visit: https://www.selenium.dev/documentation/webdriver/troubleshooting/errors#stale-element-reference-exception
Build info: version: &apos;4.29.0&apos;, revision: &apos;5fc1ec94cb&apos;
System info: os.name: &apos;Windows 11&apos;, os.arch: &apos;amd64&apos;, os.version: &apos;10.0&apos;, java.version: &apos;21.0.6&apos;
Driver info: org.openqa.selenium.chrome.ChromeDriver
Command: [406779b1d4aefceea443b26b3a75dfd6, getElementText {id=f.F02D6E3691CEDF251BA5BDEF60F0B155.d.3A01813A853948824B439BD6EF6D7529.e.179}]
Capabilities {acceptInsecureCerts: false, browserName: chrome, browserVersion: 135.0.7049.43, chrome: {chromedriverVersion: 135.0.7049.84 (6c019e560019..., userDataDir: C:\Windows\SystemTemp\scope...}, fedcm:accounts: true, goog:chromeOptions: {debuggerAddress: localhost:54919}, networkConnectionEnabled: false, pageLoadStrategy: normal, platformName: windows, proxy: Proxy(), se:cdp: ws://localhost:54919/devtoo..., se:cdpVersion: 135.0.7049.43, setWindowRect: true, strictFileInteractability: false, timeouts: {implicit: 0, pageLoad: 300000, script: 30000}, unhandledPromptBehavior: dismiss and notify, webauthn:extension:credBlob: true, webauthn:extension:largeBlob: true, webauthn:extension:minPinLength: true, webauthn:extension:prf: true, webauthn:virtualAuthenticators: true}
Element: [[ChromeDriver: chrome on windows (406779b1d4aefceea443b26b3a75dfd6)] -&gt; class name: mb-srp__card__price--amount]
Session ID: 406779b1d4aefceea443b26b3a75dfd6
	at java.base/jdk.internal.reflect.DirectConstructorHandleAccessor.newInstance(DirectConstructorHandleAccessor.java:62)
	at java.base/java.lang.reflect.Constructor.newInstanceWithCaller(Constructor.java:502)
	at java.base/java.lang.reflect.Constructor.newInstance(Constructor.java:486)
	at org.openqa.selenium.remote.ErrorCodec.decode(ErrorCodec.java:167)
	at org.openqa.selenium.remote.codec.w3c.W3CHttpResponseCodec.decode(W3CHttpResponseCodec.java:138)
	at org.openqa.selenium.remote.codec.w3c.W3CHttpResponseCodec.decode(W3CHttpResponseCodec.java:50)
	at org.openqa.selenium.remote.HttpCommandExecutor.execute(HttpCommandExecutor.java:215)
	at org.openqa.selenium.remote.service.DriverCommandExecutor.invokeExecute(DriverCommandExecutor.java:216)
	at org.openqa.selenium.remote.service.DriverCommandExecutor.execute(DriverCommandExecutor.java:174)
	at org.openqa.selenium.remote.RemoteWebDriver.execute(RemoteWebDriver.java:545)
	at org.openqa.selenium.remote.RemoteWebElement.execute(RemoteWebElement.java:223)
	at org.openqa.selenium.remote.RemoteWebElement.getText(RemoteWebElement.java:191)
	at com.magicbricks.pages.PropertyForSale.checkRange(PropertyForSale.java:66)
	at com.magicbricks.stepDefinition.MagicBricksBuyComponent.the_system_should_display_properties_with_prices_between_the_range_entered(MagicBricksBuyComponent.java:240)
	at ✽.the system should display properties with prices between the range entered(file:///C:/CG_Training/new%20workspace/MagicBricksProject/src/test/resources/Features/Buy_search_and_filter.feature:45)
</pre></div></td>
<td>13</td>
<td>com.magicbricks.runner.TestRunner@5b3f61ff</td></tr>
<tr>
<td title='com.magicbricks.runner.TestRunner.runScenario()'><b>runScenario</b><br>Test class: com.magicbricks.runner.TestRunner<br>Test method: Runs Cucumber Scenarios<br>Parameters: "User gets proper estimation of price based on entered details", "Verify proper estimation of price"</td>
<td><div><pre>java.lang.AssertionError: expected [Estimation] but found [Looks like we don&apos;t have data for this locality yet.]
	at com.magicbricks.stepDefinition.MagicBricksBuyComponent.i_should_able_to_get_the_estimation_price(MagicBricksBuyComponent.java:449)
	at ✽.I should able to get the estimation price(file:///C:/CG_Training/new%20workspace/MagicBricksProject/src/test/resources/Features/A_buy_propworth_estimation.feature:41)
... Removed 6 stack frames</pre></div><a href='#' onClick='toggleBox("stack-trace578969118", this, "Click to show all stack frames", "Click to hide stack frames")'>Click to show all stack frames</a>
<div class='stack-trace' id='stack-trace578969118'><pre>java.lang.AssertionError: expected [Estimation] but found [Looks like we don&apos;t have data for this locality yet.]
	at org.testng.Assert.fail(Assert.java:111)
	at org.testng.Assert.failNotEquals(Assert.java:1590)
	at org.testng.Assert.assertEqualsImpl(Assert.java:150)
	at org.testng.Assert.assertEquals(Assert.java:132)
	at org.testng.Assert.assertEquals(Assert.java:656)
	at org.testng.Assert.assertEquals(Assert.java:666)
	at com.magicbricks.stepDefinition.MagicBricksBuyComponent.i_should_able_to_get_the_estimation_price(MagicBricksBuyComponent.java:449)
	at ✽.I should able to get the estimation price(file:///C:/CG_Training/new%20workspace/MagicBricksProject/src/test/resources/Features/A_buy_propworth_estimation.feature:41)
</pre></div></td>
<td>91</td>
<td>com.magicbricks.runner.TestRunner@5b3f61ff</td></tr>
</table><p>
<table width='100%' border='1' class='invocation-passed'>
<tr><td colspan='4' align='center'><b>PASSED TESTS</b></td></tr>
<tr><td><b>Test method</b></td>
<td><b>Attribute(s)</b></td>
<td width="30%"><b>Exception</b></td>
<td width="10%"><b>Time (seconds)</b></td>
<td><b>Instance</b></td>
</tr>
<tr>
<td title='com.magicbricks.runner.TestRunner.runScenario()'><b>runScenario</b><br>Test class: com.magicbricks.runner.TestRunner<br>Test method: Runs Cucumber Scenarios<br>Parameters: "As a buyer, I want to verify the presence of the pie chart in the EMI Calculator", "Search for premium houses,verify links and calculate EMI"</td>
<td></td>
<td>17</td>
<td>com.magicbricks.runner.TestRunner@5b3f61ff</td></tr>
<tr>
<td title='com.magicbricks.runner.TestRunner.runScenario()'><b>runScenario</b><br>Test class: com.magicbricks.runner.TestRunner<br>Test method: Runs Cucumber Scenarios<br>Parameters: "I log in with valid credentials", "User Login"</td>
<td></td>
<td>70</td>
<td>com.magicbricks.runner.TestRunner@5b3f61ff</td></tr>
<tr>
<td title='com.magicbricks.runner.TestRunner.runScenario()'><b>runScenario</b><br>Test class: com.magicbricks.runner.TestRunner<br>Test method: Runs Cucumber Scenarios<br>Parameters: "I log in with invalid credentials", "User Login"</td>
<td></td>
<td>40</td>
<td>com.magicbricks.runner.TestRunner@5b3f61ff</td></tr>
<tr>
<td title='com.magicbricks.runner.TestRunner.runScenario()'><b>runScenario</b><br>Test class: com.magicbricks.runner.TestRunner<br>Test method: Runs Cucumber Scenarios<br>Parameters: "As a buyer, I want to search for premium houses and check that some links are present", "Search for premium houses,verify links and calculate EMI"</td>
<td></td>
<td>11</td>
<td>com.magicbricks.runner.TestRunner@5b3f61ff</td></tr>
<tr>
<td title='com.magicbricks.runner.TestRunner.runScenario()'><b>runScenario</b><br>Test class: com.magicbricks.runner.TestRunner<br>Test method: Runs Cucumber Scenarios<br>Parameters: "I search for a property with location", "Property Search and Filter"</td>
<td></td>
<td>10</td>
<td>com.magicbricks.runner.TestRunner@5b3f61ff</td></tr>
<tr>
<td title='com.magicbricks.runner.TestRunner.runScenario()'><b>runScenario</b><br>Test class: com.magicbricks.runner.TestRunner<br>Test method: Runs Cucumber Scenarios<br>Parameters: "User gets an error message for missing total number of floors", "Verify proper estimation of price"</td>
<td></td>
<td>29</td>
<td>com.magicbricks.runner.TestRunner@5b3f61ff</td></tr>
<tr>
<td title='com.magicbricks.runner.TestRunner.runScenario()'><b>runScenario</b><br>Test class: com.magicbricks.runner.TestRunner<br>Test method: Runs Cucumber Scenarios<br>Parameters: "I search for only Villas", "Property Search and Filter"</td>
<td></td>
<td>15</td>
<td>com.magicbricks.runner.TestRunner@5b3f61ff</td></tr>
<tr>
<td title='com.magicbricks.runner.TestRunner.runScenario()'><b>runScenario</b><br>Test class: com.magicbricks.runner.TestRunner<br>Test method: Runs Cucumber Scenarios<br>Parameters: "I log in with invalid credentials", "User Login"</td>
<td></td>
<td>8</td>
<td>com.magicbricks.runner.TestRunner@5b3f61ff</td></tr>
</table><p>
</body>
</html>