<?xml version="1.0" encoding="UTF-8"?>
<!-- Generated by org.testng.reporters.JUnitReportReporter -->
<testsuite hostname="LIN-9WVDH74" failures="1" tests="10" name="com.magicbricks.runner.TestRunner" time="308.711" errors="1" timestamp="2025-04-09T00:14:21 IST" skipped="0">
  <testcase classname="com.magicbricks.runner.TestRunner" name="runScenario" time="17.642"/>
  <testcase classname="com.magicbricks.runner.TestRunner" name="runScenario" time="70.008"/>
  <testcase classname="com.magicbricks.runner.TestRunner" name="runScenario" time="40.290"/>
  <testcase classname="com.magicbricks.runner.TestRunner" name="runScenario" time="11.441"/>
  <testcase classname="com.magicbricks.runner.TestRunner" name="runScenario" time="10.956"/>
  <testcase classname="com.magicbricks.runner.TestRunner" name="runScenario" time="29.882"/>
  <testcase classname="com.magicbricks.runner.TestRunner" name="runScenario" time="15.163"/>
  <testcase classname="com.magicbricks.runner.TestRunner" name="runScenario" time="13.076">
    <error message="stale element reference: stale element not found in the current frame
  (Session info: chrome=135.0.7049.43)
For documentation on this error, please visit: https://www.selenium.dev/documentation/webdriver/troubleshooting/errors#stale-element-reference-exception
Build info: version: &#039;4.29.0&#039;, revision: &#039;5fc1ec94cb&#039;
System info: os.name: &#039;Windows 11&#039;, os.arch: &#039;amd64&#039;, os.version: &#039;10.0&#039;, java.version: &#039;21.0.6&#039;
Driver info: org.openqa.selenium.chrome.ChromeDriver
Command: [406779b1d4aefceea443b26b3a75dfd6, getElementText {id=f.F02D6E3691CEDF251BA5BDEF60F0B155.d.3A01813A853948824B439BD6EF6D7529.e.179}]
Capabilities {acceptInsecureCerts: false, browserName: chrome, browserVersion: 135.0.7049.43, chrome: {chromedriverVersion: 135.0.7049.84 (6c019e560019..., userDataDir: C:\Windows\SystemTemp\scope...}, fedcm:accounts: true, goog:chromeOptions: {debuggerAddress: localhost:54919}, networkConnectionEnabled: false, pageLoadStrategy: normal, platformName: windows, proxy: Proxy(), se:cdp: ws://localhost:54919/devtoo..., se:cdpVersion: 135.0.7049.43, setWindowRect: true, strictFileInteractability: false, timeouts: {implicit: 0, pageLoad: 300000, script: 30000}, unhandledPromptBehavior: dismiss and notify, webauthn:extension:credBlob: true, webauthn:extension:largeBlob: true, webauthn:extension:minPinLength: true, webauthn:extension:prf: true, webauthn:virtualAuthenticators: true}
Element: [[ChromeDriver: chrome on windows (406779b1d4aefceea443b26b3a75dfd6)] -&gt; class name: mb-srp__card__price--amount]
Session ID: 406779b1d4aefceea443b26b3a75dfd6" type="org.openqa.selenium.StaleElementReferenceException">
      <![CDATA[org.openqa.selenium.StaleElementReferenceException: stale element reference: stale element not found in the current frame
  (Session info: chrome=135.0.7049.43)
For documentation on this error, please visit: https://www.selenium.dev/documentation/webdriver/troubleshooting/errors#stale-element-reference-exception
Build info: version: '4.29.0', revision: '5fc1ec94cb'
System info: os.name: 'Windows 11', os.arch: 'amd64', os.version: '10.0', java.version: '21.0.6'
Driver info: org.openqa.selenium.chrome.ChromeDriver
Command: [406779b1d4aefceea443b26b3a75dfd6, getElementText {id=f.F02D6E3691CEDF251BA5BDEF60F0B155.d.3A01813A853948824B439BD6EF6D7529.e.179}]
Capabilities {acceptInsecureCerts: false, browserName: chrome, browserVersion: 135.0.7049.43, chrome: {chromedriverVersion: 135.0.7049.84 (6c019e560019..., userDataDir: C:\Windows\SystemTemp\scope...}, fedcm:accounts: true, goog:chromeOptions: {debuggerAddress: localhost:54919}, networkConnectionEnabled: false, pageLoadStrategy: normal, platformName: windows, proxy: Proxy(), se:cdp: ws://localhost:54919/devtoo..., se:cdpVersion: 135.0.7049.43, setWindowRect: true, strictFileInteractability: false, timeouts: {implicit: 0, pageLoad: 300000, script: 30000}, unhandledPromptBehavior: dismiss and notify, webauthn:extension:credBlob: true, webauthn:extension:largeBlob: true, webauthn:extension:minPinLength: true, webauthn:extension:prf: true, webauthn:virtualAuthenticators: true}
Element: [[ChromeDriver: chrome on windows (406779b1d4aefceea443b26b3a75dfd6)] -> class name: mb-srp__card__price--amount]
Session ID: 406779b1d4aefceea443b26b3a75dfd6
at java.base/jdk.internal.reflect.DirectConstructorHandleAccessor.newInstance(DirectConstructorHandleAccessor.java:62)
at java.base/java.lang.reflect.Constructor.newInstanceWithCaller(Constructor.java:502)
at java.base/java.lang.reflect.Constructor.newInstance(Constructor.java:486)
at org.openqa.selenium.remote.ErrorCodec.decode(ErrorCodec.java:167)
at org.openqa.selenium.remote.codec.w3c.W3CHttpResponseCodec.decode(W3CHttpResponseCodec.java:138)
at org.openqa.selenium.remote.codec.w3c.W3CHttpResponseCodec.decode(W3CHttpResponseCodec.java:50)
at org.openqa.selenium.remote.HttpCommandExecutor.execute(HttpCommandExecutor.java:215)
at org.openqa.selenium.remote.service.DriverCommandExecutor.invokeExecute(DriverCommandExecutor.java:216)
at org.openqa.selenium.remote.service.DriverCommandExecutor.execute(DriverCommandExecutor.java:174)
at org.openqa.selenium.remote.RemoteWebDriver.execute(RemoteWebDriver.java:545)
at org.openqa.selenium.remote.RemoteWebElement.execute(RemoteWebElement.java:223)
at org.openqa.selenium.remote.RemoteWebElement.getText(RemoteWebElement.java:191)
at com.magicbricks.pages.PropertyForSale.checkRange(PropertyForSale.java:66)
at com.magicbricks.stepDefinition.MagicBricksBuyComponent.the_system_should_display_properties_with_prices_between_the_range_entered(MagicBricksBuyComponent.java:240)
at ✽.the system should display properties with prices between the range entered(file:///C:/CG_Training/new%20workspace/MagicBricksProject/src/test/resources/Features/Buy_search_and_filter.feature:45)
]]>
    </error>
  </testcase> <!-- runScenario -->
  <testcase classname="com.magicbricks.runner.TestRunner" name="runScenario" time="8.899"/>
  <testcase classname="com.magicbricks.runner.TestRunner" name="runScenario" time="91.354">
    <failure message="expected [Estimation] but found [Looks like we don&#039;t have data for this locality yet.]" type="java.lang.AssertionError">
      <![CDATA[java.lang.AssertionError: expected [Estimation] but found [Looks like we don't have data for this locality yet.]
at org.testng.Assert.fail(Assert.java:111)
at org.testng.Assert.failNotEquals(Assert.java:1590)
at org.testng.Assert.assertEqualsImpl(Assert.java:150)
at org.testng.Assert.assertEquals(Assert.java:132)
at org.testng.Assert.assertEquals(Assert.java:656)
at org.testng.Assert.assertEquals(Assert.java:666)
at com.magicbricks.stepDefinition.MagicBricksBuyComponent.i_should_able_to_get_the_estimation_price(MagicBricksBuyComponent.java:449)
at ✽.I should able to get the estimation price(file:///C:/CG_Training/new%20workspace/MagicBricksProject/src/test/resources/Features/A_buy_propworth_estimation.feature:41)
]]>
    </failure>
  </testcase> <!-- runScenario -->
</testsuite> <!-- com.magicbricks.runner.TestRunner -->
